0 info it worked if it ends with ok
1 verbose cli [ '/usr/local/Cellar/node/5.1.1/bin/node',
1 verbose cli   '/usr/local/bin/npm',
1 verbose cli   'run',
1 verbose cli   'deploy' ]
2 info using npm@3.3.12
3 info using node@v5.1.1
4 verbose run-script [ 'predeploy', 'deploy', 'postdeploy' ]
5 info lifecycle api.daktary.com@1.0.0~predeploy: api.daktary.com@1.0.0
6 silly lifecycle api.daktary.com@1.0.0~predeploy: no script for predeploy, continuing
7 info lifecycle api.daktary.com@1.0.0~deploy: api.daktary.com@1.0.0
8 verbose lifecycle api.daktary.com@1.0.0~deploy: unsafe-perm in lifecycle true
9 verbose lifecycle api.daktary.com@1.0.0~deploy: PATH: /usr/local/lib/node_modules/npm/bin/node-gyp-bin:/Users/dev/proto/site/daktary-team/api.daktary.com/node_modules/.bin:/usr/local/bin:/usr/bin:/bin:/usr/sbin:/sbin:/Users/dev:/usr/bin:/bin:/usr/sbin:/sbin:/usr/local/bin
10 verbose lifecycle api.daktary.com@1.0.0~deploy: CWD: /Users/dev/proto/site/daktary-team/api.daktary.com
11 silly lifecycle api.daktary.com@1.0.0~deploy: Args: [ '-c', './scripts/deploy-to-gh-pages.sh' ]
12 silly lifecycle api.daktary.com@1.0.0~deploy: Returned: code: 128  signal: null
13 info lifecycle api.daktary.com@1.0.0~deploy: Failed to exec deploy script
14 verbose stack Error: api.daktary.com@1.0.0 deploy: `./scripts/deploy-to-gh-pages.sh`
14 verbose stack Exit status 128
14 verbose stack     at EventEmitter.<anonymous> (/usr/local/lib/node_modules/npm/lib/utils/lifecycle.js:232:16)
14 verbose stack     at emitTwo (events.js:87:13)
14 verbose stack     at EventEmitter.emit (events.js:172:7)
14 verbose stack     at ChildProcess.<anonymous> (/usr/local/lib/node_modules/npm/lib/utils/spawn.js:24:14)
14 verbose stack     at emitTwo (events.js:87:13)
14 verbose stack     at ChildProcess.emit (events.js:172:7)
14 verbose stack     at maybeClose (internal/child_process.js:818:16)
14 verbose stack     at Process.ChildProcess._handle.onexit (internal/child_process.js:211:5)
15 verbose pkgid api.daktary.com@1.0.0
16 verbose cwd /Users/dev/proto/site/daktary-team/api.daktary.com
17 error Darwin 16.0.0
18 error argv "/usr/local/Cellar/node/5.1.1/bin/node" "/usr/local/bin/npm" "run" "deploy"
19 error node v5.1.1
20 error npm  v3.3.12
21 error code ELIFECYCLE
22 error api.daktary.com@1.0.0 deploy: `./scripts/deploy-to-gh-pages.sh`
22 error Exit status 128
23 error Failed at the api.daktary.com@1.0.0 deploy script './scripts/deploy-to-gh-pages.sh'.
23 error Make sure you have the latest version of node.js and npm installed.
23 error If you do, this is most likely a problem with the api.daktary.com package,
23 error not with npm itself.
23 error Tell the author that this fails on your system:
23 error     ./scripts/deploy-to-gh-pages.sh
23 error You can get their info via:
23 error     npm owner ls api.daktary.com
23 error There is likely additional logging output above.
24 verbose exit [ 1, true ]
